  TestPlayScene.cpp
C:\Users\zeduck\source\repos\mushihime\Tengai\PauseBox.h(65,74): warning C4244: '인수': 'float'에서 'int'(으)로 변환하면서 데이터가 손실될 수 있습니다.
C:\Users\zeduck\source\repos\mushihime\Tengai\PauseBox.h(65,57): warning C4244: '인수': 'float'에서 'int'(으)로 변환하면서 데이터가 손실될 수 있습니다.
C:\Users\zeduck\source\repos\mushihime\Tengai\PauseBox.h(113,65): warning C4244: '인수': 'float'에서 'int'(으)로 변환하면서 데이터가 손실될 수 있습니다.
C:\Users\zeduck\source\repos\mushihime\Tengai\PauseBox.h(113,51): warning C4244: '인수': 'float'에서 'int'(으)로 변환하면서 데이터가 손실될 수 있습니다.
C:\Program Files (x86)\Microsoft Visual Studio\2019\Community\VC\Tools\MSVC\14.26.28801\include\utility(152,16): warning C4244: '초기화 중': '_Ty'에서 '_Ty1'(으)로 변환하면서 데이터가 손실될 수 있습니다.
          with
          [
              _Ty=int
          ]
          and
          [
              _Ty1=float
          ]
C:\Users\zeduck\source\repos\mushihime\Tengai\TestPlayScene.cpp(51): message : 컴파일되는 함수 템플릿 인스턴스화 'std::pair<float,GameObject *>::pair<int,GameObject*,0>(_Other1 &&,_Other2 &&) noexcept'에 대한 참조를 확인하세요.
          with
          [
              _Other1=int,
              _Other2=GameObject *
          ]
C:\Users\zeduck\source\repos\mushihime\Tengai\TestPlayScene.cpp(20): message : 컴파일되는 함수 템플릿 인스턴스화 'std::pair<float,GameObject *>::pair<int,GameObject*,0>(_Other1 &&,_Other2 &&) noexcept'에 대한 참조를 확인하세요.
          with
          [
              _Other1=int,
              _Other2=GameObject *
          ]
  코드를 생성하고 있습니다.
  1 of 1333 functions (<0.1%) were compiled, the rest were copied from previous compilation.
    0 functions were new in current compilation
    20 functions had inline decision re-evaluated but remain unchanged
  코드를 생성했습니다.
  Tengai.vcxproj -> C:\Users\zeduck\source\repos\mushihime\Release\Mushihime.exe
